#
# There is insufficient memory for the Java Runtime Environment to continue.
# Native memory allocation (malloc) failed to allocate 1048576 bytes. Error detail: AllocateHeap
# Possible reasons:
#   The system is out of physical RAM or swap space
#   This process is running with CompressedOops enabled, and the Java Heap may be blocking the growth of the native heap
# Possible solutions:
#   Reduce memory load on the system
#   Increase physical memory or swap space
#   Check if swap backing store is full
#   Decrease Java heap size (-Xmx/-Xms)
#   Decrease number of Java threads
#   Decrease Java thread stack sizes (-Xss)
#   Set larger code cache with -XX:ReservedCodeCacheSize=
#   JVM is running with Unscaled Compressed Oops mode in which the Java heap is
#     placed in the first 4GB address space. The Java Heap base address is the
#     maximum limit for the native heap growth. Please use -XX:HeapBaseMinAddress
#     to set the Java Heap base and to place the Java Heap above 4GB virtual address.
# This output file may be truncated or incomplete.
#
#  Out of Memory Error (allocation.cpp:44), pid=31632, tid=26288
#
# JRE version:  (17.0.11) (build )
# Java VM: OpenJDK 64-Bit Server VM (17.0.11+0--11852314, mixed mode, sharing, tiered, compressed oops, compressed class ptrs, g1 gc, windows-amd64)
# No core dump will be written. Minidumps are not enabled by default on client versions of Windows
#

---------------  S U M M A R Y ------------

Command Line: git4idea.http.GitAskPassApp Username for 'https://github.com': 

Host: AMD Ryzen 7 7700X 8-Core Processor             , 16 cores, 31G,  Windows 11 , 64 bit Build 22621 (10.0.22621.3958)
Time: Fri Nov  8 13:54:27 2024 Hora oficial do Brasil elapsed time: 0.005766 seconds (0d 0h 0m 0s)

---------------  T H R E A D  ---------------

Current thread (0x000002a9ef351bd0):  JavaThread "Unknown thread" [_thread_in_vm, id=26288, stack(0x000000e5ded00000,0x000000e5dee00000)]

Stack: [0x000000e5ded00000,0x000000e5dee00000]
Native frames: (J=compiled Java code, j=interpreted, Vv=VM code, C=native code)
V  [jvm.dll+0x687bb9]
V  [jvm.dll+0x84142a]
V  [jvm.dll+0x8430ae]
V  [jvm.dll+0x843713]
V  [jvm.dll+0x24a35f]
V  [jvm.dll+0xa6cc3]
V  [jvm.dll+0x2dc984]
V  [jvm.dll+0x811eec]
V  [jvm.dll+0x36fb68]
V  [jvm.dll+0x7f0896]
V  [jvm.dll+0x3f3d2f]
V  [jvm.dll+0x3f58e1]
C  [jli.dll+0x528f]
C  [ucrtbase.dll+0x29333]
C  [KERNEL32.DLL+0x1257d]
C  [ntdll.dll+0x5af08]


---------------  P R O C E S S  ---------------

Threads class SMR info:
_java_thread_list=0x00007ffd666fefd8, length=0, elements={
}

Java Threads: ( => current thread )

Other Threads:

=>0x000002a9ef351bd0 (exited) JavaThread "Unknown thread" [_thread_in_vm, id=26288, stack(0x000000e5ded00000,0x000000e5dee00000)]

Threads with active compile tasks:

VM state: not at safepoint (not fully initialized)

VM Mutex/Monitor currently owned by a thread: None

Heap address: 0x0000000000000000, size: 0 MB, Compressed Oops mode: 32-bit

CDS archive(s) mapped at: [0x0000000000000000-0x0000000000000000-0x0000000000000000), size 0, SharedBaseAddress: 0x0000000800000000, ArchiveRelocationMode: 1.
Narrow klass base: 0x0000000000000000, Narrow klass shift: 0, Narrow klass range: 0x0

GC Precious Log:
<Empty>

GC Heap History (0 events):
No events

Dll operation events (1 events):
Event: 0.004 Loaded shared library C:\Program Files\Android\Android Studio1\jbr\bin\java.dll

Deoptimization events (0 events):
No events

Classes unloaded (0 events):
No events

Classes redefined (0 events):
No events

Internal exceptions (0 events):
No events

VM Operations (0 events):
No events

Events (0 events):
No events


Dynamic libraries:
0x00007ff7437d0000 - 0x00007ff7437da000 	C:\Program Files\Android\Android Studio1\jbr\bin\java.exe
0x00007ffe62af0000 - 0x00007ffe62d07000 	C:\WINDOWS\SYSTEM32\ntdll.dll
0x00007ffe61600000 - 0x00007ffe616c4000 	C:\WINDOWS\System32\KERNEL32.DLL
0x00007ffe603c0000 - 0x00007ffe60777000 	C:\WINDOWS\System32\KERNELBASE.dll
0x00007ffe5fec0000 - 0x00007ffe5ffd1000 	C:\WINDOWS\System32\ucrtbase.dll
0x00007ffdd77b0000 - 0x00007ffdd77c7000 	C:\Program Files\Android\Android Studio1\jbr\bin\jli.dll
0x00007ffe61f50000 - 0x00007ffe620ff000 	C:\WINDOWS\System32\USER32.dll
0x00007ffe5ffe0000 - 0x00007ffe60006000 	C:\WINDOWS\System32\win32u.dll
0x00007ffe614f0000 - 0x00007ffe61519000 	C:\WINDOWS\System32\GDI32.dll
0x00007ffe60180000 - 0x00007ffe60298000 	C:\WINDOWS\System32\gdi32full.dll
0x00007ffe60780000 - 0x00007ffe6081a000 	C:\WINDOWS\System32\msvcp_win.dll
0x00007ffe4ed10000 - 0x00007ffe4ed2b000 	C:\Program Files\Android\Android Studio1\jbr\bin\VCRUNTIME140.dll
0x00007ffe49250000 - 0x00007ffe494e3000 	C:\WINDOWS\WinSxS\amd64_microsoft.windows.common-controls_6595b64144ccf1df_6.0.22621.3672_none_2713b9d173822955\COMCTL32.dll
0x00007ffe61520000 - 0x00007ffe615c7000 	C:\WINDOWS\System32\msvcrt.dll
0x00007ffe60a80000 - 0x00007ffe60ab1000 	C:\WINDOWS\System32\IMM32.DLL
0x00007ffe3c300000 - 0x00007ffe3c41a000 	C:\Program Files\Topaz OFD\Warsaw\wslbscr64.dll
0x00007ffe61080000 - 0x00007ffe61132000 	C:\WINDOWS\System32\ADVAPI32.dll
0x00007ffe608d0000 - 0x00007ffe60978000 	C:\WINDOWS\System32\sechost.dll
0x00007ffe60390000 - 0x00007ffe603b8000 	C:\WINDOWS\System32\bcrypt.dll
0x00007ffe60ac0000 - 0x00007ffe60bd4000 	C:\WINDOWS\System32\RPCRT4.dll
0x00007ffe616d0000 - 0x00007ffe61f39000 	C:\WINDOWS\System32\SHELL32.dll
0x00007ffe5efa0000 - 0x00007ffe5efd4000 	C:\WINDOWS\SYSTEM32\ntmarta.dll
0x00007ffe3c200000 - 0x00007ffe3c2fa000 	C:\Program Files\Topaz OFD\Warsaw\wslbscrwh64.dll
0x00007ffe5a640000 - 0x00007ffe5a64c000 	C:\Program Files\Android\Android Studio1\jbr\bin\vcruntime140_1.dll
0x00007ffe3b520000 - 0x00007ffe3b5ad000 	C:\Program Files\Android\Android Studio1\jbr\bin\msvcp140.dll
0x00007ffd65bc0000 - 0x00007ffd66843000 	C:\Program Files\Android\Android Studio1\jbr\bin\server\jvm.dll
0x00007ffe5f110000 - 0x00007ffe5f15d000 	C:\WINDOWS\SYSTEM32\POWRPROF.dll
0x00007ffe4aba0000 - 0x00007ffe4aba9000 	C:\WINDOWS\SYSTEM32\WSOCK32.dll
0x000002a9ecee0000 - 0x000002a9ecf51000 	C:\WINDOWS\System32\WS2_32.dll
0x00007ffe5be20000 - 0x00007ffe5be54000 	C:\WINDOWS\SYSTEM32\WINMM.dll
0x00007ffe57ac0000 - 0x00007ffe57aca000 	C:\WINDOWS\SYSTEM32\VERSION.dll
0x00007ffe5f090000 - 0x00007ffe5f0a3000 	C:\WINDOWS\SYSTEM32\UMPDC.dll
0x00007ffe5ee80000 - 0x00007ffe5ee98000 	C:\WINDOWS\SYSTEM32\kernel.appcore.dll
0x00007ffe4d5d0000 - 0x00007ffe4d5da000 	C:\Program Files\Android\Android Studio1\jbr\bin\jimage.dll
0x00007ffe59bf0000 - 0x00007ffe59e22000 	C:\WINDOWS\SYSTEM32\DBGHELP.DLL
0x000002a9ee730000 - 0x000002a9eeabe000 	C:\WINDOWS\System32\combase.dll
0x00007ffe627a0000 - 0x00007ffe62877000 	C:\WINDOWS\System32\OLEAUT32.dll
0x00007ffe4b1c0000 - 0x00007ffe4b1f2000 	C:\WINDOWS\SYSTEM32\dbgcore.DLL
0x00007ffe602a0000 - 0x00007ffe6031b000 	C:\WINDOWS\System32\bcryptPrimitives.dll
0x00007ffe16a80000 - 0x00007ffe16aa5000 	C:\Program Files\Android\Android Studio1\jbr\bin\java.dll

dbghelp: loaded successfully - version: 4.0.5 - missing functions: none
symbol engine: initialized successfully - sym options: 0x614 - pdb path: .;C:\Program Files\Android\Android Studio1\jbr\bin;C:\WINDOWS\SYSTEM32;C:\WINDOWS\WinSxS\amd64_microsoft.windows.common-controls_6595b64144ccf1df_6.0.22621.3672_none_2713b9d173822955;C:\Program Files\Topaz OFD\Warsaw;C:\Program Files\Android\Android Studio1\jbr\bin\server

VM Arguments:
java_command: git4idea.http.GitAskPassApp Username for 'https://github.com': 
java_class_path (initial): C:/Program Files/Android/Android Studio1/plugins/vcs-git/lib/git4idea-rt.jar;C:/Program Files/Android/Android Studio1/lib/externalProcess-rt.jar
Launcher Type: SUN_STANDARD

[Global flags]
     intx CICompilerCount                          = 12                                        {product} {ergonomic}
     uint ConcGCThreads                            = 3                                         {product} {ergonomic}
     uint G1ConcRefinementThreads                  = 13                                        {product} {ergonomic}
   size_t G1HeapRegionSize                         = 4194304                                   {product} {ergonomic}
    uintx GCDrainStackTargetSize                   = 64                                        {product} {ergonomic}
   size_t InitialHeapSize                          = 524288000                                 {product} {ergonomic}
   size_t MarkStackSize                            = 4194304                                   {product} {ergonomic}
   size_t MaxHeapSize                              = 8363442176                                {product} {ergonomic}
   size_t MinHeapDeltaBytes                        = 4194304                                   {product} {ergonomic}
   size_t MinHeapSize                              = 8388608                                   {product} {ergonomic}
    uintx NonNMethodCodeHeapSize                   = 7602480                                {pd product} {ergonomic}
    uintx NonProfiledCodeHeapSize                  = 122027880                              {pd product} {ergonomic}
    uintx ProfiledCodeHeapSize                     = 122027880                              {pd product} {ergonomic}
    uintx ReservedCodeCacheSize                    = 251658240                              {pd product} {ergonomic}
     bool SegmentedCodeCache                       = true                                      {product} {ergonomic}
   size_t SoftMaxHeapSize                          = 8363442176                             {manageable} {ergonomic}
     bool UseCompressedClassPointers               = true                           {product lp64_product} {ergonomic}
     bool UseCompressedOops                        = true                           {product lp64_product} {ergonomic}
     bool UseG1GC                                  = true                                      {product} {ergonomic}
     bool UseLargePagesIndividualAllocation        = false                                  {pd product} {ergonomic}

Logging:
Log output configuration:
 #0: stdout all=warning uptime,level,tags
 #1: stderr all=off uptime,level,tags

Environment Variables:
JAVA_HOME=C:\Program Files\Java\jdk-17
PATH=C:/Program Files/Git/mingw64/libexec/git-core;C:/Program Files/Git/mingw64/libexec/git-core;C:\Program Files\Git\mingw64\bin;C:\Program Files\Git\usr\bin;C:\Users\filip\bin;C:\Program Files\Common Files\Oracle\Java\javapath;C:\Program Files (x86)\Common Files\Oracle\Java\java8path;C:\Program Files (x86)\Common Files\Oracle\Java\javapath;C:\Program Files (x86)\Razer Chroma SDK\bin;C:\Program Files\Razer Chroma SDK\bin;C:\Program Files (x86)\VMware\VMware Workstation\bin\;C:\Python311\Scripts\;C:\Python311\;C:\Program Files (x86)\Razer\ChromaBroadcast\bin;C:\Program Files\Razer\ChromaBroadcast\bin;C:\Windows\system32;C:\Windows;C:\Windows\System32\Wbem;C:\Windows\System32\WindowsPowerShell\v1.0\;C:\Windows\System32\OpenSSH\;C:\Users\Sicredi\AppData\Local\Microsoft\WindowsApps;C:\ProgramData\chocolatey\bin;C:\Users\filip\AppData\Local\Android\Sdk\tools;C:\Users\filip\AppData\Local\Android\Sdk\tools\bin;C:\Users\filip\AppData\Local\Android\Sdk\platform-tools;C:\Windows\system32\config\systemprofile\AppData\Local\Microsoft\WindowsApps;C:\WINDOWS\system32;C:\WINDOWS;C:\WINDOWS\System32\Wbem;C:\WINDOWS\System32\WindowsPowerShell\v1.0\;C:\WINDOWS\System32\OpenSSH\;C:\Program Files (x86)\nodejs\;C:\Program Files (x86)\ZeroTier\One\;C:\Program Files\Git\cmd;C:\Users\filip\AppData\Local\Microsoft\WindowsApps;C:\Program Files\Java\jdk-17\bin;C:\Users\filip\AppData\Roaming\npm;C:\Users\filip\AppData\Local\Programs\Microsoft VS Code\bin
USERNAME=filip
DISPLAY=:0.0
LC_ALL=en_US.UTF-8
TERM=xterm-256color
TMPDIR=C:\Users\filip\AppData\Local\Temp
OS=Windows_NT
PROCESSOR_IDENTIFIER=AMD64 Family 25 Model 97 Stepping 2, AuthenticAMD
TMP=C:\Users\filip\AppData\Local\Temp
TEMP=C:\Users\filip\AppData\Local\Temp



Periodic native trim disabled

JNI global refs:
JNI global refs: 0, weak refs: 0

JNI global refs memory usage: 0, weak refs: 0

Process memory usage:
Resident Set Size: 14668K (0% of 32659288K total physical memory with 3656240K free physical memory)

OOME stack traces (most recent first):
Classloader memory used:


---------------  S Y S T E M  ---------------

OS:
 Windows 11 , 64 bit Build 22621 (10.0.22621.3958)
OS uptime: 4 days 4:43 hours
Hyper-V role detected

CPU: total 16 (initial active 16) (16 cores per cpu, 2 threads per core) family 25 model 97 stepping 2 microcode 0x0, cx8, cmov, fxsr, ht, mmx, 3dnowpref, sse, sse2, sse3, ssse3, sse4a, sse4.1, sse4.2, popcnt, lzcnt, tsc, tscinvbit, avx, avx2, aes, erms, clmul, bmi1, bmi2, adx, avx512f, avx512dq, avx512cd, avx512bw, avx512vl, sha, fma, vzeroupper, avx512_vpopcntdq, avx512_vpclmulqdq, avx512_vaes, avx512_vnni, clflush, clflushopt, avx512_vbmi2, avx512_vbmi, hv
Processor Information for all 16 processors :
  Max Mhz: 4501, Current Mhz: 4501, Mhz Limit: 4501

Memory: 4k page, system-wide physical 31893M (3570M free)
TotalPageFile size 130197M (AvailPageFile size 5M)
current process WorkingSet (physical memory assigned to process): 14M, peak: 14M
current process commit charge ("private bytes"): 16M, peak: 17M

vm_info: OpenJDK 64-Bit Server VM (17.0.11+0--11852314) for windows-amd64 JRE (17.0.11+0--11852314), built on May 16 2024 21:29:20 by "androidbuild" with MS VC++ 16.10 / 16.11 (VS2019)

END.
